==17775== Memcheck, a memory error detector
==17775== Copyright (C) 2002-2017, and GNU GPL'd, by Julian Seward et al.
==17775== Using Valgrind-3.15.0 and LibVEX; rerun with -h for copyright info
==17775== Command: ./gravitar
==17775== Parent PID: 17167
==17775== 
==17775== 
==17775== HEAP SUMMARY:
==17775==     in use at exit: 303,440 bytes in 2,855 blocks
==17775==   total heap usage: 242,708 allocs, 239,853 frees, 28,914,523 bytes allocated
==17775== 
==17775== LEAK SUMMARY:
==17775==    definitely lost: 0 bytes in 0 blocks
==17775==    indirectly lost: 0 bytes in 0 blocks
==17775==      possibly lost: 0 bytes in 0 blocks
==17775==    still reachable: 0 bytes in 0 blocks
==17775==         suppressed: 303,440 bytes in 2,855 blocks
==17775== 
==17775== For lists of detected and suppressed errors, rerun with: -s
==17775== ERROR SUMMARY: 0 errors from 0 contexts (suppressed: 1015 from 7)
